# JRE version: OpenJDK Runtime Environment (8.0_242-b01) (build 1.8.0_242-release-1644-b01)
# Java VM: OpenJDK 64-Bit Server VM (25.242-b01 mixed mode windows-amd64 compressed oops)
Heap:
 PSYoungGen      total 428032K, used 223796K [0x00000000d5580000, 0x00000000f4600000, 0x0000000100000000)
  eden space 382464K, 51% used [0x00000000d5580000,0x00000000e143a920,0x00000000ecb00000)
  from space 45568K, 62% used [0x00000000f1980000,0x00000000f3552748,0x00000000f4600000)
  to   space 62976K, 0% used [0x00000000ecb00000,0x00000000ecb00000,0x00000000f0880000)
 ParOldGen       total 221696K, used 131772K [0x0000000080000000, 0x000000008d880000, 0x00000000d5580000)
  object space 221696K, 59% used [0x0000000080000000,0x00000000880af0c0,0x000000008d880000)
 Metaspace       used 88725K, capacity 93246K, committed 93848K, reserved 1130496K
  class space    used 11957K, capacity 12828K, committed 12976K, reserved 1048576K
GC Heap History (10 events):
Event: 9.766 GC heap before
{Heap before GC invocations=16 (full 3):
 PSYoungGen      total 268800K, used 248202K [0x00000000d5580000, 0x00000000e8180000, 0x0000000100000000)
  eden space 248320K, 99% used [0x00000000d5580000,0x00000000e47e28c0,0x00000000e4800000)
  from space 20480K, 0% used [0x00000000e5c00000,0x00000000e5c00000,0x00000000e7000000)
  to   space 20480K, 0% used [0x00000000e4800000,0x00000000e4800000,0x00000000e5c00000)
 ParOldGen       total 101376K, used 32638K [0x0000000080000000, 0x0000000086300000, 0x00000000d5580000)
  object space 101376K, 32% used [0x0000000080000000,0x0000000081fdf9f0,0x0000000086300000)
 Metaspace       used 68770K, capacity 72270K, committed 72472K, reserved 1112064K
  class space    used 9530K, capacity 10166K, committed 10288K, reserved 1048576K
Event: 9.781 GC heap after
Heap after GC invocations=16 (full 3):
 PSYoungGen      total 268800K, used 20472K [0x00000000d5580000, 0x00000000ec100000, 0x0000000100000000)
  eden space 248320K, 0% used [0x00000000d5580000,0x00000000d5580000,0x00000000e4800000)
  from space 20480K, 99% used [0x00000000e4800000,0x00000000e5bfe190,0x00000000e5c00000)
  to   space 25088K, 0% used [0x00000000ea880000,0x00000000ea880000,0x00000000ec100000)
 ParOldGen       total 101376K, used 36886K [0x0000000080000000, 0x0000000086300000, 0x00000000d5580000)
  object space 101376K, 36% used [0x0000000080000000,0x0000000082405b70,0x0000000086300000)
 Metaspace       used 68770K, capacity 72270K, committed 72472K, reserved 1112064K
  class space    used 9530K, capacity 10166K, committed 10288K, reserved 1048576K
}
Event: 10.535 GC heap before
{Heap before GC invocations=17 (full 3):
 PSYoungGen      total 268800K, used 268792K [0x00000000d5580000, 0x00000000ec100000, 0x0000000100000000)
  eden space 248320K, 100% used [0x00000000d5580000,0x00000000e4800000,0x00000000e4800000)
  from space 20480K, 99% used [0x00000000e4800000,0x00000000e5bfe190,0x00000000e5c00000)
  to   space 25088K, 0% used [0x00000000ea880000,0x00000000ea880000,0x00000000ec100000)
 ParOldGen       total 101376K, used 36886K [0x0000000080000000, 0x0000000086300000, 0x00000000d5580000)
  object space 101376K, 36% used [0x0000000080000000,0x0000000082405b70,0x0000000086300000)
 Metaspace       used 71047K, capacity 74706K, committed 75032K, reserved 1114112K
  class space    used 9764K, capacity 10428K, committed 10544K, reserved 1048576K
Event: 10.570 GC heap after
Heap after GC invocations=17 (full 3):
 PSYoungGen      total 334848K, used 25070K [0x00000000d5580000, 0x00000000ed880000, 0x0000000100000000)
  eden space 309760K, 0% used [0x00000000d5580000,0x00000000d5580000,0x00000000e8400000)
  from space 25088K, 99% used [0x00000000ea880000,0x00000000ec0fb9a0,0x00000000ec100000)
  to   space 37376K, 0% used [0x00000000e8400000,0x00000000e8400000,0x00000000ea880000)
 ParOldGen       total 101376K, used 58535K [0x0000000080000000, 0x0000000086300000, 0x00000000d5580000)
  object space 101376K, 57% used [0x0000000080000000,0x0000000083929d78,0x0000000086300000)
 Metaspace       used 71047K, capacity 74706K, committed 75032K, reserved 1114112K
  class space    used 9764K, capacity 10428K, committed 10544K, reserved 1048576K
}
Event: 12.552 GC heap before
{Heap before GC invocations=18 (full 3):
 PSYoungGen      total 334848K, used 334830K [0x00000000d5580000, 0x00000000ed880000, 0x0000000100000000)
  eden space 309760K, 100% used [0x00000000d5580000,0x00000000e8400000,0x00000000e8400000)
  from space 25088K, 99% used [0x00000000ea880000,0x00000000ec0fb9a0,0x00000000ec100000)
  to   space 37376K, 0% used [0x00000000e8400000,0x00000000e8400000,0x00000000ea880000)
 ParOldGen       total 101376K, used 58535K [0x0000000080000000, 0x0000000086300000, 0x00000000d5580000)
  object space 101376K, 57% used [0x0000000080000000,0x0000000083929d78,0x0000000086300000)
 Metaspace       used 80916K, capacity 85834K, committed 86040K, reserved 1122304K
  class space    used 11337K, capacity 12246K, committed 12336K, reserved 1048576K
Event: 12.621 GC heap after
Heap after GC invocations=18 (full 3):
 PSYoungGen      total 347136K, used 37374K [0x00000000d5580000, 0x00000000f5900000, 0x0000000100000000)
  eden space 309760K, 0% used [0x00000000d5580000,0x00000000d5580000,0x00000000e8400000)
  from space 37376K, 99% used [0x00000000e8400000,0x00000000ea87f8a0,0x00000000ea880000)
  to   space 65024K, 0% used [0x00000000f1980000,0x00000000f1980000,0x00000000f5900000)
 ParOldGen       total 116736K, used 116555K [0x0000000080000000, 0x0000000087200000, 0x00000000d5580000)
  object space 116736K, 99% used [0x0000000080000000,0x00000000871d2db8,0x0000000087200000)
 Metaspace       used 80916K, capacity 85834K, committed 86040K, reserved 1122304K
  class space    used 11337K, capacity 12246K, committed 12336K, reserved 1048576K
}
Event: 12.621 GC heap before
{Heap before GC invocations=19 (full 4):
 PSYoungGen      total 347136K, used 37374K [0x00000000d5580000, 0x00000000f5900000, 0x0000000100000000)
  eden space 309760K, 0% used [0x00000000d5580000,0x00000000d5580000,0x00000000e8400000)
  from space 37376K, 99% used [0x00000000e8400000,0x00000000ea87f8a0,0x00000000ea880000)
  to   space 65024K, 0% used [0x00000000f1980000,0x00000000f1980000,0x00000000f5900000)
 ParOldGen       total 116736K, used 116555K [0x0000000080000000, 0x0000000087200000, 0x00000000d5580000)
  object space 116736K, 99% used [0x0000000080000000,0x00000000871d2db8,0x0000000087200000)
 Metaspace       used 80916K, capacity 85834K, committed 86040K, reserved 1122304K
  class space    used 11337K, capacity 12246K, committed 12336K, reserved 1048576K
Event: 13.137 GC heap after
Heap after GC invocations=19 (full 4):
 PSYoungGen      total 347136K, used 34204K [0x00000000d5580000, 0x00000000f5900000, 0x0000000100000000)
  eden space 309760K, 0% used [0x00000000d5580000,0x00000000d5580000,0x00000000e8400000)
  from space 37376K, 91% used [0x00000000e8400000,0x00000000ea567190,0x00000000ea880000)
  to   space 65024K, 0% used [0x00000000f1980000,0x00000000f1980000,0x00000000f5900000)
 ParOldGen       total 221696K, used 108817K [0x0000000080000000, 0x000000008d880000, 0x00000000d5580000)
  object space 221696K, 49% used [0x0000000080000000,0x0000000086a44460,0x000000008d880000)
 Metaspace       used 80523K, capacity 84738K, committed 86040K, reserved 1122304K
  class space    used 11208K, capacity 12016K, committed 12336K, reserved 1048576K
}
Event: 15.607 GC heap before
{Heap before GC invocations=20 (full 4):
 PSYoungGen      total 347136K, used 341460K [0x00000000d5580000, 0x00000000f5900000, 0x0000000100000000)
  eden space 309760K, 99% used [0x00000000d5580000,0x00000000e818e0f8,0x00000000e8400000)
  from space 37376K, 91% used [0x00000000e8400000,0x00000000ea567190,0x00000000ea880000)
  to   space 65024K, 0% used [0x00000000f1980000,0x00000000f1980000,0x00000000f5900000)
 ParOldGen       total 221696K, used 108817K [0x0000000080000000, 0x000000008d880000, 0x00000000d5580000)
  object space 221696K, 49% used [0x0000000080000000,0x0000000086a44460,0x000000008d880000)
 Metaspace       used 84411K, capacity 88834K, committed 89752K, reserved 1126400K
  class space    used 11666K, capacity 12528K, committed 12720K, reserved 1048576K
Event: 15.641 GC heap after
Heap after GC invocations=20 (full 4):
 PSYoungGen      total 428032K, used 28489K [0x00000000d5580000, 0x00000000f4600000, 0x0000000100000000)
  eden space 382464K, 0% used [0x00000000d5580000,0x00000000d5580000,0x00000000ecb00000)
  from space 45568K, 62% used [0x00000000f1980000,0x00000000f3552748,0x00000000f4600000)
  to   space 62976K, 0% used [0x00000000ecb00000,0x00000000ecb00000,0x00000000f0880000)
 ParOldGen       total 221696K, used 131772K [0x0000000080000000, 0x000000008d880000, 0x00000000d5580000)
  object space 221696K, 59% used [0x0000000080000000,0x00000000880af0c0,0x000000008d880000)
 Metaspace       used 84411K, capacity 88834K, committed 89752K, reserved 1126400K
  class space    used 11666K, capacity 12528K, committed 12720K, reserved 1048576K
}

